<?xml version="1.0" encoding="UTF-8"?>
<!-- Generated by org.testng.reporters.JUnitReportReporter -->
<testsuite hostname="DESKTOP-ST21639" failures="0" tests="1" name="Login.TC_login_001" time="26.272" errors="0" timestamp="2023-01-30T11:59:37 EST" skipped="0">
  <testcase classname="Login.TC_login_001" name="login1" time="26.272"/>
  <system-out/>
</testsuite> <!-- Login.TC_login_001 -->
