<?xml version="1.0" encoding="UTF-8"?>
<!-- Generated by org.testng.reporters.JUnitReportReporter -->
<testsuite hostname="DESKTOP-ST21639" failures="0" tests="1" name="Login.TC_Login_002" time="19.279" errors="0" timestamp="2023-01-30T12:14:31 EST" skipped="0">
  <testcase classname="Login.TC_Login_002" name="login1" time="19.279"/>
  <system-out/>
</testsuite> <!-- Login.TC_Login_002 -->
